# JRE version: OpenJDK Runtime Environment Temurin-17.0.4.1+1 (17.0.4.1+1) (build 17.0.4.1+1)
# Java VM: OpenJDK 64-Bit Server VM Temurin-17.0.4.1+1 (17.0.4.1+1, mixed mode, emulated-client, tiered, compressed oops, compressed class ptrs, g1 gc, windows-amd64)
GC Precious Log:
 CPUs: 4 total, 4 available
 Memory: 8074M
 Large Page Support: Disabled
 NUMA Support: Disabled
 Compressed Oops: Enabled (32-bit)
 Heap Region Size: 1M
 Heap Min Capacity: 8M
 Heap Initial Capacity: 128M
 Heap Max Capacity: 2020M
 Pre-touch: Disabled
 Parallel Workers: 4
 Concurrent Workers: 1
 Concurrent Refinement Workers: 4
 Periodic GC: Disabled
Heap:
 garbage-first heap   total 471040K, used 137181K [0x0000000081c00000, 0x0000000100000000)
  region size 1024K, 29 young (29696K), 29 survivors (29696K)
 Metaspace       used 39527K, committed 39872K, reserved 1089536K
  class space    used 5015K, committed 5184K, reserved 1048576K
GC Heap History (20 events):
Event: 19.724 GC heap after
{Heap after GC invocations=24 (full 0):
 garbage-first heap   total 141312K, used 65105K [0x0000000081c00000, 0x0000000100000000)
  region size 1024K, 2 young (2048K), 2 survivors (2048K)
 Metaspace       used 39195K, committed 39552K, reserved 1089536K
  class space    used 4981K, committed 5184K, reserved 1048576K
}
Event: 19.881 GC heap before
{Heap before GC invocations=24 (full 0):
 garbage-first heap   total 141312K, used 98897K [0x0000000081c00000, 0x0000000100000000)
  region size 1024K, 36 young (36864K), 2 survivors (2048K)
 Metaspace       used 39305K, committed 39680K, reserved 1089536K
  class space    used 4996K, committed 5184K, reserved 1048576K
}
Event: 19.901 GC heap after
{Heap after GC invocations=25 (full 0):
 garbage-first heap   total 141312K, used 68666K [0x0000000081c00000, 0x0000000100000000)
  region size 1024K, 5 young (5120K), 5 survivors (5120K)
 Metaspace       used 39305K, committed 39680K, reserved 1089536K
  class space    used 4996K, committed 5184K, reserved 1048576K
}
Event: 20.036 GC heap before
{Heap before GC invocations=25 (full 0):
 garbage-first heap   total 141312K, used 101434K [0x0000000081c00000, 0x0000000100000000)
  region size 1024K, 38 young (38912K), 5 survivors (5120K)
 Metaspace       used 39395K, committed 39744K, reserved 1089536K
  class space    used 5004K, committed 5184K, reserved 1048576K
}
Event: 20.055 GC heap after
{Heap after GC invocations=26 (full 0):
 garbage-first heap   total 141312K, used 70233K [0x0000000081c00000, 0x0000000100000000)
  region size 1024K, 2 young (2048K), 2 survivors (2048K)
 Metaspace       used 39395K, committed 39744K, reserved 1089536K
  class space    used 5004K, committed 5184K, reserved 1048576K
}
Event: 20.295 GC heap before
{Heap before GC invocations=27 (full 0):
 garbage-first heap   total 176128K, used 103001K [0x0000000081c00000, 0x0000000100000000)
  region size 1024K, 37 young (37888K), 2 survivors (2048K)
 Metaspace       used 39395K, committed 39744K, reserved 1089536K
  class space    used 5004K, committed 5184K, reserved 1048576K
}
Event: 20.298 GC heap after
{Heap after GC invocations=28 (full 0):
 garbage-first heap   total 176128K, used 70577K [0x0000000081c00000, 0x0000000100000000)
  region size 1024K, 3 young (3072K), 3 survivors (3072K)
 Metaspace       used 39395K, committed 39744K, reserved 1089536K
  class space    used 5004K, committed 5184K, reserved 1048576K
}
Event: 20.308 GC heap before
{Heap before GC invocations=28 (full 0):
 garbage-first heap   total 176128K, used 74673K [0x0000000081c00000, 0x0000000100000000)
  region size 1024K, 8 young (8192K), 3 survivors (3072K)
 Metaspace       used 39395K, committed 39744K, reserved 1089536K
  class space    used 5004K, committed 5184K, reserved 1048576K
}
Event: 20.319 GC heap after
{Heap after GC invocations=29 (full 0):
 garbage-first heap   total 471040K, used 69871K [0x0000000081c00000, 0x0000000100000000)
  region size 1024K, 1 young (1024K), 1 survivors (1024K)
 Metaspace       used 39395K, committed 39744K, reserved 1089536K
  class space    used 5004K, committed 5184K, reserved 1048576K
}
Event: 20.660 GC heap before
{Heap before GC invocations=29 (full 0):
 garbage-first heap   total 471040K, used 230639K [0x0000000081c00000, 0x0000000100000000)
  region size 1024K, 159 young (162816K), 1 survivors (1024K)
 Metaspace       used 39395K, committed 39744K, reserved 1089536K
  class space    used 5004K, committed 5184K, reserved 1048576K
}
Event: 20.673 GC heap after
{Heap after GC invocations=30 (full 0):
 garbage-first heap   total 471040K, used 76734K [0x0000000081c00000, 0x0000000100000000)
  region size 1024K, 8 young (8192K), 8 survivors (8192K)
 Metaspace       used 39395K, committed 39744K, reserved 1089536K
  class space    used 5004K, committed 5184K, reserved 1048576K
}
Event: 21.376 GC heap before
{Heap before GC invocations=30 (full 0):
 garbage-first heap   total 471040K, used 330686K [0x0000000081c00000, 0x0000000100000000)
  region size 1024K, 257 young (263168K), 8 survivors (8192K)
 Metaspace       used 39396K, committed 39744K, reserved 1089536K
  class space    used 5004K, committed 5184K, reserved 1048576K
}
Event: 21.406 GC heap after
{Heap after GC invocations=31 (full 0):
 garbage-first heap   total 471040K, used 86153K [0x0000000081c00000, 0x0000000100000000)
  region size 1024K, 17 young (17408K), 17 survivors (17408K)
 Metaspace       used 39396K, committed 39744K, reserved 1089536K
  class space    used 5004K, committed 5184K, reserved 1048576K
}
Event: 23.047 GC heap before
{Heap before GC invocations=31 (full 0):
 garbage-first heap   total 471040K, used 350345K [0x0000000081c00000, 0x0000000100000000)
  region size 1024K, 276 young (282624K), 17 survivors (17408K)
 Metaspace       used 39396K, committed 39744K, reserved 1089536K
  class space    used 5004K, committed 5184K, reserved 1048576K
}
Event: 23.154 GC heap after
{Heap after GC invocations=32 (full 0):
 garbage-first heap   total 471040K, used 97465K [0x0000000081c00000, 0x0000000100000000)
  region size 1024K, 28 young (28672K), 28 survivors (28672K)
 Metaspace       used 39396K, committed 39744K, reserved 1089536K
  class space    used 5004K, committed 5184K, reserved 1048576K
}
Event: 24.976 GC heap before
{Heap before GC invocations=32 (full 0):
 garbage-first heap   total 471040K, used 350393K [0x0000000081c00000, 0x0000000100000000)
  region size 1024K, 276 young (282624K), 28 survivors (28672K)
 Metaspace       used 39399K, committed 39744K, reserved 1089536K
  class space    used 5006K, committed 5184K, reserved 1048576K
}
Event: 25.092 GC heap after
{Heap after GC invocations=33 (full 0):
 garbage-first heap   total 471040K, used 106766K [0x0000000081c00000, 0x0000000100000000)
  region size 1024K, 21 young (21504K), 21 survivors (21504K)
 Metaspace       used 39399K, committed 39744K, reserved 1089536K
  class space    used 5006K, committed 5184K, reserved 1048576K
}
Event: 25.905 GC heap before
{Heap before GC invocations=33 (full 0):
 garbage-first heap   total 471040K, used 367886K [0x0000000081c00000, 0x0000000100000000)
  region size 1024K, 276 young (282624K), 21 survivors (21504K)
 Metaspace       used 39399K, committed 39744K, reserved 1089536K
  class space    used 5006K, committed 5184K, reserved 1048576K
}
Event: 25.970 GC heap after
{Heap after GC invocations=34 (full 0):
 garbage-first heap   total 471040K, used 118783K [0x0000000081c00000, 0x0000000100000000)
  region size 1024K, 21 young (21504K), 21 survivors (21504K)
 Metaspace       used 39399K, committed 39744K, reserved 1089536K
  class space    used 5006K, committed 5184K, reserved 1048576K
}
Event: 27.354 GC heap before
{Heap before GC invocations=34 (full 0):
 garbage-first heap   total 471040K, used 378879K [0x0000000081c00000, 0x0000000100000000)
  region size 1024K, 276 young (282624K), 21 survivors (21504K)
 Metaspace       used 39527K, committed 39872K, reserved 1089536K
  class space    used 5015K, committed 5184K, reserved 1048576K
}

